2017-01-11 11:02:21 [ main--kafka.utils.CoreUtils$:106 ] fetching topic metadata for topics [Set(test)] from broker [ArrayBuffer(BrokerEndPoint(0,122.193.13.70,9092))] failed
kafka.common.KafkaException: fetching topic metadata for topics [Set(test)] from broker [ArrayBuffer(BrokerEndPoint(0,122.193.13.70,9092))] failed
	at kafka.client.ClientUtils$.fetchTopicMetadata(ClientUtils.scala:73)
	at kafka.producer.BrokerPartitionInfo.updateInfo(BrokerPartitionInfo.scala:83)
	at kafka.producer.async.DefaultEventHandler$$anonfun$handle$1.apply$mcV$sp(DefaultEventHandler.scala:73)
	at kafka.utils.CoreUtils$.swallow(CoreUtils.scala:76)
	at kafka.utils.Logging$class.swallowError(Logging.scala:106)
	at kafka.utils.CoreUtils$.swallowError(CoreUtils.scala:47)
	at kafka.producer.async.DefaultEventHandler.handle(DefaultEventHandler.scala:73)
	at kafka.producer.Producer.send(Producer.scala:78)
	at kafka.javaapi.producer.Producer.send(Producer.scala:35)
	at com.java.kanke.utils.kafka.KafkaProducer.produce1(KafkaProducer.java:67)
	at com.java.kanke.utils.kafka.KafkaProducer.main(KafkaProducer.java:78)
	at sun.reflect.NativeMethodAccessorImpl.invoke0(Native Method)
	at sun.reflect.NativeMethodAccessorImpl.invoke(NativeMethodAccessorImpl.java:57)
	at sun.reflect.DelegatingMethodAccessorImpl.invoke(DelegatingMethodAccessorImpl.java:43)
	at java.lang.reflect.Method.invoke(Method.java:606)
	at com.intellij.rt.execution.application.AppMain.main(AppMain.java:144)
Caused by: java.nio.channels.ClosedChannelException
	at kafka.network.BlockingChannel.send(BlockingChannel.scala:110)
	at kafka.producer.SyncProducer.liftedTree1$1(SyncProducer.scala:80)
	at kafka.producer.SyncProducer.kafka$producer$SyncProducer$$doSend(SyncProducer.scala:79)
	at kafka.producer.SyncProducer.send(SyncProducer.scala:124)
	at kafka.client.ClientUtils$.fetchTopicMetadata(ClientUtils.scala:59)
	... 15 more
2017-01-11 11:02:31 [ main--kafka.producer.async.DefaultEventHandler:97 ] Failed to collate messages by topic, partition due to: fetching topic metadata for topics [Set(test)] from broker [ArrayBuffer(BrokerEndPoint(0,122.193.13.70,9092))] failed
2017-01-11 11:02:42 [ main--kafka.utils.CoreUtils$:106 ] fetching topic metadata for topics [Set(test)] from broker [ArrayBuffer(BrokerEndPoint(0,122.193.13.70,9092))] failed
kafka.common.KafkaException: fetching topic metadata for topics [Set(test)] from broker [ArrayBuffer(BrokerEndPoint(0,122.193.13.70,9092))] failed
	at kafka.client.ClientUtils$.fetchTopicMetadata(ClientUtils.scala:73)
	at kafka.producer.BrokerPartitionInfo.updateInfo(BrokerPartitionInfo.scala:83)
	at kafka.producer.async.DefaultEventHandler$$anonfun$handle$2.apply$mcV$sp(DefaultEventHandler.scala:84)
	at kafka.utils.CoreUtils$.swallow(CoreUtils.scala:76)
	at kafka.utils.Logging$class.swallowError(Logging.scala:106)
	at kafka.utils.CoreUtils$.swallowError(CoreUtils.scala:47)
	at kafka.producer.async.DefaultEventHandler.handle(DefaultEventHandler.scala:84)
	at kafka.producer.Producer.send(Producer.scala:78)
	at kafka.javaapi.producer.Producer.send(Producer.scala:35)
	at com.java.kanke.utils.kafka.KafkaProducer.produce1(KafkaProducer.java:67)
	at com.java.kanke.utils.kafka.KafkaProducer.main(KafkaProducer.java:78)
	at sun.reflect.NativeMethodAccessorImpl.invoke0(Native Method)
	at sun.reflect.NativeMethodAccessorImpl.invoke(NativeMethodAccessorImpl.java:57)
	at sun.reflect.DelegatingMethodAccessorImpl.invoke(DelegatingMethodAccessorImpl.java:43)
	at java.lang.reflect.Method.invoke(Method.java:606)
	at com.intellij.rt.execution.application.AppMain.main(AppMain.java:144)
Caused by: java.nio.channels.ClosedChannelException
	at kafka.network.BlockingChannel.send(BlockingChannel.scala:110)
	at kafka.producer.SyncProducer.liftedTree1$1(SyncProducer.scala:80)
	at kafka.producer.SyncProducer.kafka$producer$SyncProducer$$doSend(SyncProducer.scala:79)
	at kafka.producer.SyncProducer.send(SyncProducer.scala:124)
	at kafka.client.ClientUtils$.fetchTopicMetadata(ClientUtils.scala:59)
	... 15 more
2017-01-11 11:02:52 [ main--kafka.producer.async.DefaultEventHandler:97 ] Failed to collate messages by topic, partition due to: fetching topic metadata for topics [Set(test)] from broker [ArrayBuffer(BrokerEndPoint(0,122.193.13.70,9092))] failed
2017-01-17 16:37:21 [ main--kafka.producer.async.DefaultEventHandler:97 ] Failed to collate messages by topic, partition due to: Failed to fetch topic metadata for topic: test
